This is pdfTeX, Version 3.14159265-2.6-1.40.19 (MiKTeX 2.9.6800 64-bit) (preloaded format=pdflatex 2018.9.7)  25 NOV 2018 18:52
entering extended mode
**./Exercise_2.tex
(Exercise_2.tex
LaTeX2e <2018-04-01> patch level 5

(C:\Users\Matthias\AppData\Roaming\MiKTeX\2.9\tex\latex\koma-script\scrartcl.cl
s
Document Class: scrartcl 2017/09/07 v3.24 KOMA-Script document class (article)

(C:\Users\Matthias\AppData\Roaming\MiKTeX\2.9\tex\latex\koma-script\scrkbase.st
y
Package: scrkbase 2017/09/07 v3.24 KOMA-Script package (KOMA-Script-dependent b
asics and keyval usage)

(C:\Users\Matthias\AppData\Roaming\MiKTeX\2.9\tex\latex\koma-script\scrbase.sty
Package: scrbase 2017/09/07 v3.24 KOMA-Script package (KOMA-Script-independent 
basics and keyval usage)
("D:\Weitere Programme\Miktex\tex\latex\graphics\keyval.sty"
Package: keyval 2014/10/28 v1.15 key=value parser (DPC)
\KV@toks@=\toks14
)
(C:\Users\Matthias\AppData\Roaming\MiKTeX\2.9\tex\latex\koma-script\scrlfile.st
y
Package: scrlfile 2017/09/07 v3.24 KOMA-Script package (loading files)
)))
(C:\Users\Matthias\AppData\Roaming\MiKTeX\2.9\tex\latex\koma-script\tocbasic.st
y
Package: tocbasic 2017/09/07 v3.24 KOMA-Script package (handling toc-files)
\scr@dte@tocline@numberwidth=\skip41
\scr@dte@tocline@numbox=\box26
)
Package tocbasic Info: omitting babel extension for `toc'
(tocbasic)             because of feature `nobabel' available
(tocbasic)             for `toc' on input line 133.
Package tocbasic Info: omitting babel extension for `lof'
(tocbasic)             because of feature `nobabel' available
(tocbasic)             for `lof' on input line 135.
Package tocbasic Info: omitting babel extension for `lot'
(tocbasic)             because of feature `nobabel' available
(tocbasic)             for `lot' on input line 136.
Class scrartcl Info: Switching compatibility level to `last'.
Class scrartcl Info: File `scrsize12pt.clo' used to setup font sizes on input l
ine 2080.

(C:\Users\Matthias\AppData\Roaming\MiKTeX\2.9\tex\latex\koma-script\scrsize12pt
.clo
File: scrsize12pt.clo 2017/09/07 v3.24 KOMA-Script font size class option (12pt
)
)
(C:\Users\Matthias\AppData\Roaming\MiKTeX\2.9\tex\latex\koma-script\typearea.st
y
Package: typearea 2017/09/07 v3.24 KOMA-Script package (type area)
\ta@bcor=\skip42
\ta@div=\count80
Package typearea Info: Switching compatibility level to `last'.
\ta@hblk=\skip43
\ta@vblk=\skip44
\ta@temp=\skip45
\footheight=\skip46
Package typearea Info: These are the values describing the layout:
(typearea)             DIV  = 16
(typearea)             BCOR = 0.0pt
(typearea)             \paperwidth      = 597.50793pt
(typearea)              \textwidth      = 485.47522pt
(typearea)              DIV departure   = -15%
(typearea)              \evensidemargin = -16.25363pt
(typearea)              \oddsidemargin  = -16.25363pt
(typearea)             \paperheight     = 845.04694pt
(typearea)              \textheight     = 693.5pt
(typearea)              \topmargin      = -59.32956pt
(typearea)              \headheight     = 18.125pt
(typearea)              \headsep        = 21.75pt
(typearea)              \topskip        = 12.0pt
(typearea)              \footskip       = 50.75pt
(typearea)              \baselineskip   = 14.5pt
(typearea)              on input line 1686.
)
\c@part=\count81
\c@section=\count82
\c@subsection=\count83
\c@subsubsection=\count84
\c@paragraph=\count85
\c@subparagraph=\count86
\scr@dte@part@maxnumwidth=\skip47
\scr@dte@section@maxnumwidth=\skip48
\scr@dte@subsection@maxnumwidth=\skip49
\scr@dte@subsubsection@maxnumwidth=\skip50
\scr@dte@paragraph@maxnumwidth=\skip51
\scr@dte@subparagraph@maxnumwidth=\skip52
LaTeX Info: Redefining \textsubscript on input line 4161.
\abovecaptionskip=\skip53
\belowcaptionskip=\skip54
\c@pti@nb@sid@b@x=\box27
\c@figure=\count87
\c@table=\count88
Class scrartcl Info: Redefining `\numberline' on input line 5319.
\bibindent=\dimen102
) ("D:\Weitere Programme\Miktex\tex\latex\base\inputenc.sty"
Package: inputenc 2018/04/06 v1.3b Input encoding file
\inpenc@prehook=\toks15
\inpenc@posthook=\toks16
)
("D:\Weitere Programme\Miktex\tex\latex\tools\tabularx.sty"
Package: tabularx 2016/02/03 v2.11b `tabularx' package (DPC)

("D:\Weitere Programme\Miktex\tex\latex\tools\array.sty"
Package: array 2018/04/30 v2.4h Tabular extension package (FMi)
\col@sep=\dimen103
\ar@mcellbox=\box28
\extrarowheight=\dimen104
\NC@list=\toks17
\extratabsurround=\skip55
\backup@length=\skip56
\ar@cellbox=\box29
)
\TX@col@width=\dimen105
\TX@old@table=\dimen106
\TX@old@col=\dimen107
\TX@target=\dimen108
\TX@delta=\dimen109
\TX@cols=\count89
\TX@ftn=\toks18
)
(C:\Users\Matthias\AppData\Roaming\MiKTeX\2.9\tex\latex\caption\caption.sty
Package: caption 2016/02/21 v3.3-144 Customizing captions (AR)

(C:\Users\Matthias\AppData\Roaming\MiKTeX\2.9\tex\latex\caption\caption3.sty
Package: caption3 2016/05/22 v1.7-166 caption3 kernel (AR)
Package caption3 Info: TeX engine: e-TeX on input line 67.
\captionmargin=\dimen110
\captionmargin@=\dimen111
\captionwidth=\dimen112
\caption@tempdima=\dimen113
\caption@indent=\dimen114
\caption@parindent=\dimen115
\caption@hangindent=\dimen116
)
Package caption Info: KOMA-Script document class.
\c@ContinuedFloat=\count90
)
(C:\Users\Matthias\AppData\Roaming\MiKTeX\2.9\tex\latex\paralist\paralist.sty
Package: paralist 2017/01/22 v2.7 Extended list environments
\pltopsep=\skip57
\plpartopsep=\skip58
\plitemsep=\skip59
\plparsep=\skip60
\pl@lab=\toks19
)
(C:\Users\Matthias\AppData\Roaming\MiKTeX\2.9\tex\latex\enumitem\enumitem.sty
Package: enumitem 2011/09/28 v3.5.2 Customized lists
\labelindent=\skip61
\enit@outerparindent=\dimen117
\enit@toks=\toks20
\enit@inbox=\box30
\enitdp@description=\count91
)
(C:\Users\Matthias\AppData\Roaming\MiKTeX\2.9\tex\latex\listings\listings.sty
\lst@mode=\count92
\lst@gtempboxa=\box31
\lst@token=\toks21
\lst@length=\count93
\lst@currlwidth=\dimen118
\lst@column=\count94
\lst@pos=\count95
\lst@lostspace=\dimen119
\lst@width=\dimen120
\lst@newlines=\count96
\lst@lineno=\count97
\lst@maxwidth=\dimen121

(C:\Users\Matthias\AppData\Roaming\MiKTeX\2.9\tex\latex\listings\lstmisc.sty
File: lstmisc.sty 2015/06/04 1.6 (Carsten Heinz)
\c@lstnumber=\count98
\lst@skipnumbers=\count99
\lst@framebox=\box32
)
(C:\Users\Matthias\AppData\Roaming\MiKTeX\2.9\tex\latex\listings\listings.cfg
File: listings.cfg 2015/06/04 1.6 listings configuration
))
Package: listings 2015/06/04 1.6 (Carsten Heinz)
("D:\Weitere Programme\Miktex\tex\latex\graphics\color.sty"
Package: color 2016/07/10 v1.1e Standard LaTeX Color (DPC)

("D:\Weitere Programme\Miktex\tex\latex\graphics-cfg\color.cfg"
File: color.cfg 2016/01/02 v1.6 sample color configuration
)
Package color Info: Driver file: pdftex.def on input line 147.

("D:\Weitere Programme\Miktex\tex\latex\graphics-def\pdftex.def"
File: pdftex.def 2018/01/08 v1.0l Graphics/color driver for pdftex
))
(C:\Users\Matthias\AppData\Roaming\MiKTeX\2.9\tex\latex\xcolor\xcolor.sty
Package: xcolor 2016/05/11 v2.12 LaTeX color extensions (UK)

("D:\Weitere Programme\Miktex\tex\latex\graphics-cfg\color.cfg"
File: color.cfg 2016/01/02 v1.6 sample color configuration
)
Package xcolor Info: Driver file: pdftex.def on input line 225.
LaTeX Info: Redefining \color on input line 709.
Package xcolor Info: Model `cmy' substituted by `cmy0' on input line 1348.
Package xcolor Info: Model `hsb' substituted by `rgb' on input line 1352.
Package xcolor Info: Model `RGB' extended on input line 1364.
Package xcolor Info: Model `HTML' substituted by `rgb' on input line 1366.
Package xcolor Info: Model `Hsb' substituted by `hsb' on input line 1367.
Package xcolor Info: Model `tHsb' substituted by `hsb' on input line 1368.
Package xcolor Info: Model `HSB' substituted by `hsb' on input line 1369.
Package xcolor Info: Model `Gray' substituted by `gray' on input line 1370.
Package xcolor Info: Model `wave' substituted by `hsb' on input line 1371.

(C:\Users\Matthias\AppData\Roaming\MiKTeX\2.9\tex\latex\xcolor\svgnam.def
File: svgnam.def 2016/05/11 v2.12 Predefined colors according to SVG 1.1 (UK)
))
("D:\Weitere Programme\Miktex\tex\latex\oberdiek\pdflscape.sty"
Package: pdflscape 2016/05/14 v0.11 Display of landscape pages in PDF (HO)

("D:\Weitere Programme\Miktex\tex\latex\graphics\lscape.sty"
Package: lscape 2000/10/22 v3.01 Landscape Pages (DPC)

("D:\Weitere Programme\Miktex\tex\latex\graphics\graphics.sty"
Package: graphics 2017/06/25 v1.2c Standard LaTeX Graphics (DPC,SPQR)

("D:\Weitere Programme\Miktex\tex\latex\graphics\trig.sty"
Package: trig 2016/01/03 v1.10 sin cos tan (DPC)
)
("D:\Weitere Programme\Miktex\tex\latex\graphics-cfg\graphics.cfg"
File: graphics.cfg 2016/06/04 v1.11 sample graphics configuration
)
Package graphics Info: Driver file: pdftex.def on input line 99.
))
("D:\Weitere Programme\Miktex\tex\generic\oberdiek\ifpdf.sty"
Package: ifpdf 2018/09/07 v3.3 Provides the ifpdf switch
)
Package pdflscape Info: Auto-detected driver: pdftex on input line 81.

("D:\Weitere Programme\Miktex\tex\generic\ifxetex\ifxetex.sty"
Package: ifxetex 2010/09/12 v0.6 Provides ifxetex conditional
))
("D:\Weitere Programme\Miktex\tex\latex\lm\lmodern.sty"
Package: lmodern 2009/10/30 v1.6 Latin Modern Fonts
LaTeX Font Info:    Overwriting symbol font `operators' in version `normal'
(Font)                  OT1/cmr/m/n --> OT1/lmr/m/n on input line 22.
LaTeX Font Info:    Overwriting symbol font `letters' in version `normal'
(Font)                  OML/cmm/m/it --> OML/lmm/m/it on input line 23.
LaTeX Font Info:    Overwriting symbol font `symbols' in version `normal'
(Font)                  OMS/cmsy/m/n --> OMS/lmsy/m/n on input line 24.
LaTeX Font Info:    Overwriting symbol font `largesymbols' in version `normal'
(Font)                  OMX/cmex/m/n --> OMX/lmex/m/n on input line 25.
LaTeX Font Info:    Overwriting symbol font `operators' in version `bold'
(Font)                  OT1/cmr/bx/n --> OT1/lmr/bx/n on input line 26.
LaTeX Font Info:    Overwriting symbol font `letters' in version `bold'
(Font)                  OML/cmm/b/it --> OML/lmm/b/it on input line 27.
LaTeX Font Info:    Overwriting symbol font `symbols' in version `bold'
(Font)                  OMS/cmsy/b/n --> OMS/lmsy/b/n on input line 28.
LaTeX Font Info:    Overwriting symbol font `largesymbols' in version `bold'
(Font)                  OMX/cmex/m/n --> OMX/lmex/m/n on input line 29.
LaTeX Font Info:    Overwriting math alphabet `\mathbf' in version `normal'
(Font)                  OT1/cmr/bx/n --> OT1/lmr/bx/n on input line 31.
LaTeX Font Info:    Overwriting math alphabet `\mathsf' in version `normal'
(Font)                  OT1/cmss/m/n --> OT1/lmss/m/n on input line 32.
LaTeX Font Info:    Overwriting math alphabet `\mathit' in version `normal'
(Font)                  OT1/cmr/m/it --> OT1/lmr/m/it on input line 33.
LaTeX Font Info:    Overwriting math alphabet `\mathtt' in version `normal'
(Font)                  OT1/cmtt/m/n --> OT1/lmtt/m/n on input line 34.
LaTeX Font Info:    Overwriting math alphabet `\mathbf' in version `bold'
(Font)                  OT1/cmr/bx/n --> OT1/lmr/bx/n on input line 35.
LaTeX Font Info:    Overwriting math alphabet `\mathsf' in version `bold'
(Font)                  OT1/cmss/bx/n --> OT1/lmss/bx/n on input line 36.
LaTeX Font Info:    Overwriting math alphabet `\mathit' in version `bold'
(Font)                  OT1/cmr/bx/it --> OT1/lmr/bx/it on input line 37.
LaTeX Font Info:    Overwriting math alphabet `\mathtt' in version `bold'
(Font)                  OT1/cmtt/m/n --> OT1/lmtt/m/n on input line 38.
)
("D:\Weitere Programme\Miktex\tex\latex\base\fontenc.sty"
Package: fontenc 2017/04/05 v2.0i Standard LaTeX package

("D:\Weitere Programme\Miktex\tex\latex\base\t1enc.def"
File: t1enc.def 2017/04/05 v2.0i Standard LaTeX file
LaTeX Font Info:    Redeclaring font encoding T1 on input line 48.
))
("D:\Weitere Programme\Miktex\tex\generic\babel\babel.sty"
Package: babel 2018/09/26 3.24 The Babel package

("D:\Weitere Programme\Miktex\tex\generic\babel\switch.def"
File: switch.def 2018/09/26 3.24 Babel switching mechanism
)
*************************************
* Local config file bblopts.cfg used
*
(C:\Users\Matthias\AppData\Roaming\MiKTeX\2.9\tex\latex\arabi\bblopts.cfg
File: bblopts.cfg 2005/09/08 v0.1 add Arabic and Farsi to "declared" options of
 babel
)
("D:\Weitere Programme\Miktex\tex\latex\babel-english\english.ldf"
Language: english 2017/06/06 v3.3r English support from the babel system

("D:\Weitere Programme\Miktex\tex\generic\babel\babel.def"
File: babel.def 2018/09/26 3.24 Babel common definitions
\babel@savecnt=\count100
\U@D=\dimen122

("D:\Weitere Programme\Miktex\tex\generic\babel\txtbabel.def")
\bbl@dirlevel=\count101
)
\l@canadian = a dialect from \language\l@american 
\l@australian = a dialect from \language\l@british 
\l@newzealand = a dialect from \language\l@british 
))
(C:\Users\Matthias\AppData\Roaming\MiKTeX\2.9\tex\latex\stmaryrd\stmaryrd.sty
Package: stmaryrd 1994/03/03 St Mary's Road symbol package
\symstmry=\mathgroup4
LaTeX Font Info:    Overwriting symbol font `stmry' in version `bold'
(Font)                  U/stmry/m/n --> U/stmry/b/n on input line 89.
)
(C:\Users\Matthias\AppData\Roaming\MiKTeX\2.9\tex\latex\extarrows\extarrows.sty
Package: extarrows 2008/05/15 v1.0b Some extensible arrows
("D:\Weitere Programme\Miktex\tex\latex\amsmath\amsmath.sty"
Package: amsmath 2017/09/02 v2.17a AMS math features
\@mathmargin=\skip62

For additional information on amsmath, use the `?' option.
("D:\Weitere Programme\Miktex\tex\latex\amsmath\amstext.sty"
Package: amstext 2000/06/29 v2.01 AMS text

("D:\Weitere Programme\Miktex\tex\latex\amsmath\amsgen.sty"
File: amsgen.sty 1999/11/30 v2.0 generic functions
\@emptytoks=\toks22
\ex@=\dimen123
))
("D:\Weitere Programme\Miktex\tex\latex\amsmath\amsbsy.sty"
Package: amsbsy 1999/11/29 v1.2d Bold Symbols
\pmbraise@=\dimen124
)
("D:\Weitere Programme\Miktex\tex\latex\amsmath\amsopn.sty"
Package: amsopn 2016/03/08 v2.02 operator names
)
\inf@bad=\count102
LaTeX Info: Redefining \frac on input line 213.
\uproot@=\count103
\leftroot@=\count104
LaTeX Info: Redefining \overline on input line 375.
\classnum@=\count105
\DOTSCASE@=\count106
LaTeX Info: Redefining \ldots on input line 472.
LaTeX Info: Redefining \dots on input line 475.
LaTeX Info: Redefining \cdots on input line 596.
\Mathstrutbox@=\box33
\strutbox@=\box34
\big@size=\dimen125
LaTeX Font Info:    Redeclaring font encoding OML on input line 712.
LaTeX Font Info:    Redeclaring font encoding OMS on input line 713.
\macc@depth=\count107
\c@MaxMatrixCols=\count108
\dotsspace@=\muskip10
\c@parentequation=\count109
\dspbrk@lvl=\count110
\tag@help=\toks23
\row@=\count111
\column@=\count112
\maxfields@=\count113
\andhelp@=\toks24
\eqnshift@=\dimen126
\alignsep@=\dimen127
\tagshift@=\dimen128
\tagwidth@=\dimen129
\totwidth@=\dimen130
\lineht@=\dimen131
\@envbody=\toks25
\multlinegap=\skip63
\multlinetaggap=\skip64
\mathdisplay@stack=\toks26
LaTeX Info: Redefining \[ on input line 2817.
LaTeX Info: Redefining \] on input line 2818.
))
(C:\Users\Matthias\AppData\Roaming\MiKTeX\2.9\tex\latex\ulem\ulem.sty
\UL@box=\box35
\UL@hyphenbox=\box36
\UL@skip=\skip65
\UL@hook=\toks27
\UL@height=\dimen132
\UL@pe=\count114
\UL@pixel=\dimen133
\ULC@box=\box37
Package: ulem 2012/05/18
\ULdepth=\dimen134
)
(C:\Users\Matthias\AppData\Roaming\MiKTeX\2.9\tex\latex\chngcntr\chngcntr.sty
Package: chngcntr 2009/09/02 v1.0a change counter resetting
)
(C:\Users\Matthias\AppData\Roaming\MiKTeX\2.9\tex\latex\mathtools\mathtools.sty
Package: mathtools 2017/10/30 v1.20 mathematical typesetting tools
("D:\Weitere Programme\Miktex\tex\latex\tools\calc.sty"
Package: calc 2017/05/25 v4.3 Infix arithmetic (KKT,FJ)
\calc@Acount=\count115
\calc@Bcount=\count116
\calc@Adimen=\dimen135
\calc@Bdimen=\dimen136
\calc@Askip=\skip66
\calc@Bskip=\skip67
LaTeX Info: Redefining \setlength on input line 80.
LaTeX Info: Redefining \addtolength on input line 81.
\calc@Ccount=\count117
\calc@Cskip=\skip68
)
(C:\Users\Matthias\AppData\Roaming\MiKTeX\2.9\tex\latex\mathtools\mhsetup.sty
Package: mhsetup 2017/03/31 v1.3 programming setup (MH)
)
LaTeX Info: Thecontrolsequence`\('isalreadyrobust on input line 129.
LaTeX Info: Thecontrolsequence`\)'isalreadyrobust on input line 129.
LaTeX Info: Thecontrolsequence`\['isalreadyrobust on input line 129.
LaTeX Info: Thecontrolsequence`\]'isalreadyrobust on input line 129.
\g_MT_multlinerow_int=\count118
\l_MT_multwidth_dim=\dimen137
\origjot=\skip69
\l_MT_shortvdotswithinadjustabove_dim=\dimen138
\l_MT_shortvdotswithinadjustbelow_dim=\dimen139
\l_MT_above_intertext_sep=\dimen140
\l_MT_below_intertext_sep=\dimen141
\l_MT_above_shortintertext_sep=\dimen142
\l_MT_below_shortintertext_sep=\dimen143
) ("D:\Weitere Programme\Miktex\tex\latex\eurosym\eurosym.sty"
Package: eurosym 1998/08/06 v1.1 European currency symbol ``Euro''
\@eurobox=\box38
)
("D:\Weitere Programme\Miktex\tex\latex\float\float.sty"
Package: float 2001/11/08 v1.3d Float enhancements (AL)
\c@float@type=\count119
\float@exts=\toks28
\float@box=\box39
\@float@everytoks=\toks29
\@floatcapt=\box40
)
(C:\Users\Matthias\AppData\Roaming\MiKTeX\2.9\tex\latex\acronym\acronym.sty
Package: acronym 2015/03/21 v1.41 Support for acronyms (Tobias Oetiker)

(C:\Users\Matthias\AppData\Roaming\MiKTeX\2.9\tex\latex\bigfoot\suffix.sty
Package: suffix 2006/07/15 1.5a Variant command support
)
(C:\Users\Matthias\AppData\Roaming\MiKTeX\2.9\tex\latex\xstring\xstring.sty
(C:\Users\Matthias\AppData\Roaming\MiKTeX\2.9\tex\generic\xstring\xstring.tex
\@xs@message=\write3
\integerpart=\count120
\decimalpart=\count121
)
Package: xstring 2013/10/13  v1.7c  String manipulations (C Tellechea)
)
\AC@clearlist=\toks30
) (C:\Users\Matthias\AppData\Roaming\MiKTeX\2.9\tex\latex\esvect\esvect.sty
Package: esvect 
\symesvector=\mathgroup5
)
("D:\Weitere Programme\Miktex\tex\latex\jknappen\mathrsfs.sty"
Package: mathrsfs 1996/01/01 Math RSFS package v1.0 (jk)
\symrsfs=\mathgroup6
)
(C:\Users\Matthias\AppData\Roaming\MiKTeX\2.9\tex\latex\fundus-sueterlin\suette
rl.sty
Package: suetterl 1996/07/18 v1.2 LaTeX package suetterl
)
(C:\Users\Matthias\AppData\Roaming\MiKTeX\2.9\tex\latex\fundus-calligra\calligr
a.sty
Package: calligra 2012/04/10 v1.9 LaTeX package calligra
) ("D:\Weitere Programme\Miktex\tex\latex\geometry\geometry.sty"
Package: geometry 2018/04/16 v5.8 Page Geometry

("D:\Weitere Programme\Miktex\tex\generic\oberdiek\ifvtex.sty"
Package: ifvtex 2016/05/16 v1.6 Detect VTeX and its facilities (HO)
Package ifvtex Info: VTeX not detected.
)
\Gm@cnth=\count122
\Gm@cntv=\count123
\c@Gm@tempcnt=\count124
\Gm@bindingoffset=\dimen144
\Gm@wd@mp=\dimen145
\Gm@odd@mp=\dimen146
\Gm@even@mp=\dimen147
\Gm@layoutwidth=\dimen148
\Gm@layoutheight=\dimen149
\Gm@layouthoffset=\dimen150
\Gm@layoutvoffset=\dimen151
\Gm@dimlist=\toks31

("D:\Weitere Programme\Miktex\tex\latex\geometry\geometry.cfg"))
*geometry* verbose mode - [ newgeometry ] result:
* driver: 
* paper: <default>
* layout: <same size as paper>
* layoutoffset:(h,v)=(0.0pt,0.0pt)
* modes: 
* h-part:(L,W,R)=(51.21495pt, 495.07803pt, 51.21495pt)
* v-part:(T,H,B)=(42.67912pt, 759.68869pt, 42.67912pt)
* \paperwidth=597.50793pt
* \paperheight=845.04694pt
* \textwidth=495.07803pt
* \textheight=759.68869pt
* \oddsidemargin=-21.05504pt
* \evensidemargin=-21.05504pt
* \topmargin=-69.46587pt
* \headheight=18.125pt
* \headsep=21.75pt
* \topskip=12.0pt
* \footskip=50.75pt
* \marginparwidth=37.34424pt
* \marginparsep=12.8401pt
* \columnsep=10.0pt
* \skip\footins=10.8pt plus 4.0pt minus 2.0pt
* \hoffset=0.0pt
* \voffset=0.0pt
* \mag=1000
* \@twocolumnfalse
* \@twosidefalse
* \@mparswitchfalse
* \@reversemarginfalse
* (1in=72.27pt=25.4mm, 1cm=28.453pt)


(C:\Users\Matthias\AppData\Roaming\MiKTeX\2.9\tex\latex\setspace\setspace.sty
Package: setspace 2011/12/19 v6.7a set line spacing
)
(C:\Users\Matthias\AppData\Roaming\MiKTeX\2.9\tex\latex\ntheorem\ntheorem.sty
Style `ntheorem', Version 1.33 <2011/08/15>
Package: ntheorem 2011/08/15 1.33
("D:\Weitere Programme\Miktex\tex\latex\base\ifthen.sty"
Package: ifthen 2014/09/29 v1.1c Standard LaTeX ifthen package (DPC)
)
\theorem@style=\toks32
\theorem@@style=\toks33
\theorembodyfont=\toks34
\theoremnumbering=\toks35
\theorempreskipamount=\skip70
\theorempostskipamount=\skip71
\theoremframepreskipamount=\skip72
\theoremframepostskipamount=\skip73
\theoreminframepreskipamount=\skip74
\theoreminframepostskipamount=\skip75
\theorem@preskip=\toks36
\theorem@postskip=\toks37
\theorem@framepreskip=\toks38
\theorem@framepostskip=\toks39
\theorem@inframepreskip=\toks40
\theorem@inframepostskip=\toks41
\theoremindent=\dimen152
\theorem@indent=\dimen153
\theoremrightindent=\dimen154
\theorem@rightindent=\dimen155
\theoremheaderfont=\toks42
\theoremseparator=\toks43
\theoremprework=\toks44
\theorempostwork=\toks45
\theoremsymbol=\toks46
\qedsymbol=\toks47
\theoremkeyword=\toks48
\qedsymbol=\toks49
\thm@topsep=\skip76
\thm@topsepadd=\skip77
Package ntheorem Info: Option `thmmarks' loaded on input line 1175.
\c@endNonectr=\count125
\c@currNonectr=\count126
\mysavskip=\skip78
Package ntheorem Info: option `amsmath' handling for `thmmarks' loaded on input
 line 1175.
\thm@amstmpdepth=\dimen156
\tagwidth=\dimen157
Package ntheorem Info: Option `amsthm' loaded on input line 1175.
\c@proof=\count127
\c@currproofctr=\count128
\c@endproofctr=\count129
)
("D:\Weitere Programme\Miktex\tex\latex\amsfonts\amssymb.sty"
Package: amssymb 2013/01/14 v3.01 AMS font symbols

("D:\Weitere Programme\Miktex\tex\latex\amsfonts\amsfonts.sty"
Package: amsfonts 2013/01/14 v3.01 Basic AMSFonts support
\symAMSa=\mathgroup7
\symAMSb=\mathgroup8
LaTeX Font Info:    Overwriting math alphabet `\mathfrak' in version `bold'
(Font)                  U/euf/m/n --> U/euf/b/n on input line 106.
)
LaTeX Font Info:    Redeclaring math symbol \boxdot on input line 44.
)
(C:\Users\Matthias\AppData\Roaming\MiKTeX\2.9\tex\latex\algorithms\algorithm.st
y
Package: algorithm 2009/08/24 v0.1 Document Style `algorithm' - floating enviro
nment
\@float@every@algorithm=\toks50
\c@algorithm=\count130
)
(C:\Users\Matthias\AppData\Roaming\MiKTeX\2.9\tex\latex\algorithmicx\algpseudoc
ode.sty
Package: algpseudocode 

(C:\Users\Matthias\AppData\Roaming\MiKTeX\2.9\tex\latex\algorithmicx\algorithmi
cx.sty
Package: algorithmicx 2005/04/27 v1.2 Algorithmicx

Document Style algorithmicx 1.2 - a greatly improved `algorithmic' style
\c@ALG@line=\count131
\c@ALG@rem=\count132
\c@ALG@nested=\count133
\ALG@tlm=\skip79
\ALG@thistlm=\skip80
\c@ALG@Lnr=\count134
\c@ALG@blocknr=\count135
\c@ALG@storecount=\count136
\c@ALG@tmpcounter=\count137
\ALG@tmplength=\skip81
)
Document Style - pseudocode environments for use with the `algorithmicx' style
) ("D:\Weitere Programme\Miktex\tex\latex\tools\verbatim.sty"
Package: verbatim 2014/10/28 v1.5q LaTeX2e package for verbatim enhancements
\every@verbatim=\toks51
\verbatim@line=\toks52
\verbatim@in@stream=\read1
)
\c@currdefinctr=\count138
\c@enddefinctr=\count139
\c@defin=\count140
\c@currlemmactr=\count141
\c@endlemmactr=\count142
\c@currsatzctr=\count143
\c@endsatzctr=\count144
\c@currkorctr=\count145
\c@endkorctr=\count146
\c@currbeoctr=\count147
\c@endbeoctr=\count148
\c@currbemerkctr=\count149
\c@endbemerkctr=\count150
\c@currübungctr=\count151
\c@endübungctr=\count152

(C:\Users\Matthias\AppData\Roaming\MiKTeX\2.9\tex\latex\url\url.sty
\Urlmuskip=\muskip11
Package: url 2013/09/16  ver 3.4  Verb mode for urls, etc.
)
("D:\Weitere Programme\Miktex\tex\latex\hyperref\hyperref.sty"
Package: hyperref 2018/09/30 v6.88a Hypertext links for LaTeX

("D:\Weitere Programme\Miktex\tex\generic\oberdiek\hobsub-hyperref.sty"
Package: hobsub-hyperref 2016/05/16 v1.14 Bundle oberdiek, subset hyperref (HO)


("D:\Weitere Programme\Miktex\tex\generic\oberdiek\hobsub-generic.sty"
Package: hobsub-generic 2016/05/16 v1.14 Bundle oberdiek, subset generic (HO)
Package: hobsub 2016/05/16 v1.14 Construct package bundles (HO)
Package: infwarerr 2016/05/16 v1.4 Providing info/warning/error messages (HO)
Package: ltxcmds 2016/05/16 v1.23 LaTeX kernel commands for general use (HO)
Package: ifluatex 2016/05/16 v1.4 Provides the ifluatex switch (HO)
Package ifluatex Info: LuaTeX not detected.
Package hobsub Info: Skipping package `ifvtex' (already loaded).
Package: intcalc 2016/05/16 v1.2 Expandable calculations with integers (HO)
Package hobsub Info: Skipping package `ifpdf' (already loaded).
Package: etexcmds 2016/05/16 v1.6 Avoid name clashes with e-TeX commands (HO)
Package etexcmds Info: Could not find \expanded.
(etexcmds)             That can mean that you are not using pdfTeX 1.50 or
(etexcmds)             that some package has redefined \expanded.
(etexcmds)             In the latter case, load this package earlier.
Package: kvsetkeys 2016/05/16 v1.17 Key value parser (HO)
Package: kvdefinekeys 2016/05/16 v1.4 Define keys (HO)
Package: pdftexcmds 2018/09/10 v0.29 Utility functions of pdfTeX for LuaTeX (HO
)
Package pdftexcmds Info: LuaTeX not detected.
Package pdftexcmds Info: \pdf@primitive is available.
Package pdftexcmds Info: \pdf@ifprimitive is available.
Package pdftexcmds Info: \pdfdraftmode found.
Package: pdfescape 2016/05/16 v1.14 Implements pdfTeX's escape features (HO)
Package: bigintcalc 2016/05/16 v1.4 Expandable calculations on big integers (HO
)
Package: bitset 2016/05/16 v1.2 Handle bit-vector datatype (HO)
Package: uniquecounter 2016/05/16 v1.3 Provide unlimited unique counter (HO)
)
Package hobsub Info: Skipping package `hobsub' (already loaded).
Package: letltxmacro 2016/05/16 v1.5 Let assignment for LaTeX macros (HO)
Package: hopatch 2016/05/16 v1.3 Wrapper for package hooks (HO)
Package: xcolor-patch 2016/05/16 xcolor patch
Package: atveryend 2016/05/16 v1.9 Hooks at the very end of document (HO)
Package atveryend Info: \enddocument detected (standard20110627).
Package: atbegshi 2016/06/09 v1.18 At begin shipout hook (HO)
Package: refcount 2016/05/16 v3.5 Data extraction from label references (HO)
Package: hycolor 2016/05/16 v1.8 Color options for hyperref/bookmark (HO)
)
("D:\Weitere Programme\Miktex\tex\latex\oberdiek\auxhook.sty"
Package: auxhook 2016/05/16 v1.4 Hooks for auxiliary files (HO)
)
("D:\Weitere Programme\Miktex\tex\latex\oberdiek\kvoptions.sty"
Package: kvoptions 2016/05/16 v3.12 Key value format for package options (HO)
)
\@linkdim=\dimen158
\Hy@linkcounter=\count153
\Hy@pagecounter=\count154

("D:\Weitere Programme\Miktex\tex\latex\hyperref\pd1enc.def"
File: pd1enc.def 2018/09/30 v6.88a Hyperref: PDFDocEncoding definition (HO)
Now handling font encoding PD1 ...
... no UTF-8 mapping file for font encoding PD1
)
\Hy@SavedSpaceFactor=\count155

("D:\Weitere Programme\Miktex\tex\latex\00miktex\hyperref.cfg"
File: hyperref.cfg 2002/06/06 v1.2 hyperref configuration of TeXLive
)
Package hyperref Info: Option `draft' set `true' on input line 4409.
Package hyperref Info: Hyper figures OFF on input line 4535.
Package hyperref Info: Link nesting OFF on input line 4540.
Package hyperref Info: Hyper index ON on input line 4543.
Package hyperref Info: Plain pages OFF on input line 4550.
Package hyperref Info: Backreferencing OFF on input line 4555.
Package hyperref Info: Implicit mode ON; LaTeX internals redefined.
Package hyperref Info: Bookmarks ON on input line 4788.
\c@Hy@tempcnt=\count156
LaTeX Info: Redefining \url on input line 5141.
\XeTeXLinkMargin=\dimen159
\Fld@menulength=\count157
\Field@Width=\dimen160
\Fld@charsize=\dimen161
Package hyperref Info: Hyper figures OFF on input line 6396.
Package hyperref Info: Link nesting OFF on input line 6401.
Package hyperref Info: Hyper index ON on input line 6404.
Package hyperref Info: backreferencing OFF on input line 6411.
Package hyperref Info: Link coloring OFF on input line 6416.
Package hyperref Info: Link coloring with OCG OFF on input line 6421.
Package hyperref Info: PDF/A mode OFF on input line 6426.
LaTeX Info: Redefining \ref on input line 6466.
LaTeX Info: Redefining \pageref on input line 6470.
\Hy@abspage=\count158
\c@Item=\count159
\c@Hfootnote=\count160
)
Package hyperref Info: Driver (autodetected): hpdftex.

("D:\Weitere Programme\Miktex\tex\latex\hyperref\hpdftex.def"
File: hpdftex.def 2018/09/30 v6.88a Hyperref driver for pdfTeX
\Fld@listcount=\count161
\c@bookmark@seq@number=\count162

("D:\Weitere Programme\Miktex\tex\latex\oberdiek\rerunfilecheck.sty"
Package: rerunfilecheck 2016/05/16 v1.8 Rerun checks for auxiliary files (HO)
Package uniquecounter Info: New unique counter `rerunfilecheck' on input line 2
82.
)
\Hy@SectionHShift=\skip82
)
Package hyperref Info: Option `final' set `true' on input line 125.

(C:\Users\Matthias\AppData\Roaming\MiKTeX\2.9\tex\latex\animate\animate.sty
Package: animate 2018/06/07 PDF animations from files and inline graphics

("D:\Weitere Programme\Miktex\tex\latex\xkeyval\xkeyval.sty"
Package: xkeyval 2014/12/03 v2.7a package option processing (HA)

("D:\Weitere Programme\Miktex\tex\generic\xkeyval\xkeyval.tex"
("D:\Weitere Programme\Miktex\tex\generic\xkeyval\xkvutils.tex"
\XKV@toks=\toks53
\XKV@tempa@toks=\toks54
)
\XKV@depth=\count163
File: xkeyval.tex 2014/12/03 v2.7a key=value parser (HA)
))
("D:\Weitere Programme\Miktex\tex\latex\oberdiek\ifdraft.sty"
Package: ifdraft 2016/05/16 v1.4 Detect class options draft and final (HO)
)
(C:\Users\Matthias\AppData\Roaming\MiKTeX\2.9\tex\latex\media9\pdfbase.sty
(C:\Users\Matthias\AppData\Roaming\MiKTeX\2.9\tex\latex\l3kernel\expl3.sty
Package: expl3 2017/09/18 L3 programming layer (loader) 

(C:\Users\Matthias\AppData\Roaming\MiKTeX\2.9\tex\latex\l3kernel\expl3-code.tex
Package: expl3 2017/09/18 L3 programming layer (code)
\c_max_int=\count164
\l_tmpa_int=\count165
\l_tmpb_int=\count166
\g_tmpa_int=\count167
\g_tmpb_int=\count168
\g__intarray_font_int=\count169
\g__prg_map_int=\count170
\c_log_iow=\count171
\l_iow_line_count_int=\count172
\l__iow_line_target_int=\count173
\l__iow_one_indent_int=\count174
\l__iow_indent_int=\count175
\c_zero_dim=\dimen162
\c_max_dim=\dimen163
\l_tmpa_dim=\dimen164
\l_tmpb_dim=\dimen165
\g_tmpa_dim=\dimen166
\g_tmpb_dim=\dimen167
\c_zero_skip=\skip83
\c_max_skip=\skip84
\l_tmpa_skip=\skip85
\l_tmpb_skip=\skip86
\g_tmpa_skip=\skip87
\g_tmpb_skip=\skip88
\c_zero_muskip=\muskip12
\c_max_muskip=\muskip13
\l_tmpa_muskip=\muskip14
\l_tmpb_muskip=\muskip15
\g_tmpa_muskip=\muskip16
\g_tmpb_muskip=\muskip17
\l_keys_choice_int=\count176
\c__fp_leading_shift_int=\count177
\c__fp_middle_shift_int=\count178
\c__fp_trailing_shift_int=\count179
\c__fp_big_leading_shift_int=\count180
\c__fp_big_middle_shift_int=\count181
\c__fp_big_trailing_shift_int=\count182
\c__fp_Bigg_leading_shift_int=\count183
\c__fp_Bigg_middle_shift_int=\count184
\c__fp_Bigg_trailing_shift_int=\count185
\c__fp_rand_size_int=\count186
\c__fp_rand_four_int=\count187
\c__fp_rand_eight_int=\count188
\l__sort_length_int=\count189
\l__sort_min_int=\count190
\l__sort_top_int=\count191
\l__sort_max_int=\count192
\l__sort_true_max_int=\count193
\l__sort_block_int=\count194
\l__sort_begin_int=\count195
\l__sort_end_int=\count196
\l__sort_A_int=\count197
\l__sort_B_int=\count198
\l__sort_C_int=\count199
\l__tl_build_start_index_int=\count266
\l__tl_build_index_int=\count267
\l__tl_analysis_normal_int=\count268
\l__tl_analysis_index_int=\count269
\l__tl_analysis_nesting_int=\count270
\l__tl_analysis_type_int=\count271
\l__regex_internal_a_int=\count272
\l__regex_internal_b_int=\count273
\l__regex_internal_c_int=\count274
\l__regex_balance_int=\count275
\l__regex_group_level_int=\count276
\l__regex_mode_int=\count277
\c__regex_cs_in_class_mode_int=\count278
\c__regex_cs_mode_int=\count279
\l__regex_catcodes_int=\count280
\l__regex_default_catcodes_int=\count281
\c__regex_catcode_D_int=\count282
\c__regex_catcode_S_int=\count283
\c__regex_catcode_L_int=\count284
\c__regex_catcode_O_int=\count285
\c__regex_catcode_A_int=\count286
\c__regex_all_catcodes_int=\count287
\l__regex_show_lines_int=\count288
\l__regex_min_state_int=\count289
\l__regex_max_state_int=\count290
\l__regex_left_state_int=\count291
\l__regex_right_state_int=\count292
\l__regex_capturing_group_int=\count293
\l__regex_min_pos_int=\count294
\l__regex_max_pos_int=\count295
\l__regex_curr_pos_int=\count296
\l__regex_start_pos_int=\count297
\l__regex_success_pos_int=\count298
\l__regex_curr_char_int=\count299
\l__regex_curr_catcode_int=\count300
\l__regex_last_char_int=\count301
\l__regex_case_changed_char_int=\count302
\l__regex_curr_state_int=\count303
\l__regex_step_int=\count304
\l__regex_min_active_int=\count305
\l__regex_max_active_int=\count306
\l__regex_replacement_csnames_int=\count307
\l__regex_match_count_int=\count308
\l__regex_min_submatch_int=\count309
\l__regex_submatch_int=\count310
\l__regex_zeroth_submatch_int=\count311
\g__debug_trace_regex_int=\count312
\c_empty_box=\box41
\l_tmpa_box=\box42
\l_tmpb_box=\box43
\g_tmpa_box=\box44
\g_tmpb_box=\box45
\l__box_top_dim=\dimen168
\l__box_bottom_dim=\dimen169
\l__box_left_dim=\dimen170
\l__box_right_dim=\dimen171
\l__box_top_new_dim=\dimen172
\l__box_bottom_new_dim=\dimen173
\l__box_left_new_dim=\dimen174
\l__box_right_new_dim=\dimen175
\l__box_internal_box=\box46
\l__coffin_internal_box=\box47
\l__coffin_internal_dim=\dimen176
\l__coffin_offset_x_dim=\dimen177
\l__coffin_offset_y_dim=\dimen178
\l__coffin_x_dim=\dimen179
\l__coffin_y_dim=\dimen180
\l__coffin_x_prime_dim=\dimen181
\l__coffin_y_prime_dim=\dimen182
\c_empty_coffin=\box48
\l__coffin_aligned_coffin=\box49
\l__coffin_aligned_internal_coffin=\box50
\l_tmpa_coffin=\box51
\l_tmpb_coffin=\box52
\l__coffin_display_coffin=\box53
\l__coffin_display_coord_coffin=\box54
\l__coffin_display_pole_coffin=\box55
\l__coffin_display_offset_dim=\dimen183
\l__coffin_display_x_dim=\dimen184
\l__coffin_display_y_dim=\dimen185
\l__coffin_bounding_shift_dim=\dimen186
\l__coffin_left_corner_dim=\dimen187
\l__coffin_right_corner_dim=\dimen188
\l__coffin_bottom_corner_dim=\dimen189
\l__coffin_top_corner_dim=\dimen190
\l__coffin_scaled_total_height_dim=\dimen191
\l__coffin_scaled_width_dim=\dimen192
)
(C:\Users\Matthias\AppData\Roaming\MiKTeX\2.9\tex\latex\l3kernel\l3pdfmode.def
File: l3pdfmode.def 2017/03/18 v L3 Experimental driver: PDF mode
\l__driver_color_stack_int=\count313
\l__driver_tmp_box=\box56
))
(C:\Users\Matthias\AppData\Roaming\MiKTeX\2.9\tex\latex\l3packages\l3keys2e\l3k
eys2e.sty
Package: l3keys2e 2017/09/18 LaTeX2e option processing using LaTeX3 keys
)
Package: pdfbase 2018/06/07 v0.24 driver independent access to low-level PDF fe
atures
\g_pbs_page_int=\count314
\g_pbs_oc_int=\count315
)
(C:\Users\Matthias\AppData\Roaming\MiKTeX\2.9\tex\latex\ocgx2\ocgbase.sty
Package: ocgbase 2018/06/07 v0.14 support package for ocgx2.sty
\g_ocgbase_nd_int=\count316
)
\@anim@box=\box57
\@anim@measbox=\box58
\@anim@tmpdima=\dimen193
\@anim@tmpdimb=\dimen194
\@anim@num=\count317
\@anim@curframe=\count318
\@anim@curframe@zb=\count319
\@anim@resizeflags=\count320
\@anim@skipfram=\count321
\@anim@mulframecnt=\count322
\@anim@@tmlnfile=\read2
\@anim@tmpcnt=\count323
\c@@anim@ltxcnt=\count324
\@anim@curlayer=\count325
\@anim@lineno=\count326
\@anim@curfield=\count327
\@anim@@resizeflags=\count328
)
("D:\Weitere Programme\Miktex\tex\latex\graphics\graphicx.sty"
Package: graphicx 2017/06/01 v1.1a Enhanced LaTeX Graphics (DPC,SPQR)
\Gin@req@height=\dimen195
\Gin@req@width=\dimen196
)
(C:\Users\Matthias\AppData\Roaming\MiKTeX\2.9\tex\latex\pgf\frontendlayer\tikz.
sty
(C:\Users\Matthias\AppData\Roaming\MiKTeX\2.9\tex\latex\pgf\basiclayer\pgf.sty
(C:\Users\Matthias\AppData\Roaming\MiKTeX\2.9\tex\latex\pgf\utilities\pgfrcs.st
y
(C:\Users\Matthias\AppData\Roaming\MiKTeX\2.9\tex\generic\pgf\utilities\pgfutil
-common.tex
\pgfutil@everybye=\toks55
\pgfutil@tempdima=\dimen197
\pgfutil@tempdimb=\dimen198

(C:\Users\Matthias\AppData\Roaming\MiKTeX\2.9\tex\generic\pgf\utilities\pgfutil
-common-lists.tex))
(C:\Users\Matthias\AppData\Roaming\MiKTeX\2.9\tex\generic\pgf\utilities\pgfutil
-latex.def
\pgfutil@abb=\box59

(C:\Users\Matthias\AppData\Roaming\MiKTeX\2.9\tex\latex\ms\everyshi.sty
Package: everyshi 2001/05/15 v3.00 EveryShipout Package (MS)
))
(C:\Users\Matthias\AppData\Roaming\MiKTeX\2.9\tex\generic\pgf\utilities\pgfrcs.
code.tex
Package: pgfrcs 2015/08/07 v3.0.1a (rcs-revision 1.31)
))
Package: pgf 2015/08/07 v3.0.1a (rcs-revision 1.15)

(C:\Users\Matthias\AppData\Roaming\MiKTeX\2.9\tex\latex\pgf\basiclayer\pgfcore.
sty
(C:\Users\Matthias\AppData\Roaming\MiKTeX\2.9\tex\latex\pgf\systemlayer\pgfsys.
sty
(C:\Users\Matthias\AppData\Roaming\MiKTeX\2.9\tex\generic\pgf\systemlayer\pgfsy
s.code.tex
Package: pgfsys 2014/07/09 v3.0.1a (rcs-revision 1.48)

(C:\Users\Matthias\AppData\Roaming\MiKTeX\2.9\tex\generic\pgf\utilities\pgfkeys
.code.tex
\pgfkeys@pathtoks=\toks56
\pgfkeys@temptoks=\toks57

(C:\Users\Matthias\AppData\Roaming\MiKTeX\2.9\tex\generic\pgf\utilities\pgfkeys
filtered.code.tex
\pgfkeys@tmptoks=\toks58
))
\pgf@x=\dimen199
\pgf@y=\dimen256
\pgf@xa=\dimen257
\pgf@ya=\dimen258
\pgf@xb=\dimen259
\pgf@yb=\dimen260
\pgf@xc=\dimen261
\pgf@yc=\dimen262
\w@pgf@writea=\write4
\r@pgf@reada=\read3
\c@pgf@counta=\count329
\c@pgf@countb=\count330
\c@pgf@countc=\count331
\c@pgf@countd=\count332
\t@pgf@toka=\toks59
\t@pgf@tokb=\toks60
\t@pgf@tokc=\toks61

(C:\Users\Matthias\AppData\Roaming\MiKTeX\2.9\tex\generic\pgf\systemlayer\pgf.c
fg
File: pgf.cfg 2008/05/14  (rcs-revision 1.7)
)
Driver file for pgf: pgfsys-pdftex.def

(C:\Users\Matthias\AppData\Roaming\MiKTeX\2.9\tex\generic\pgf\systemlayer\pgfsy
s-pdftex.def
File: pgfsys-pdftex.def 2014/10/11  (rcs-revision 1.35)

(C:\Users\Matthias\AppData\Roaming\MiKTeX\2.9\tex\generic\pgf\systemlayer\pgfsy
s-common-pdf.def
File: pgfsys-common-pdf.def 2013/10/10  (rcs-revision 1.13)
)))
(C:\Users\Matthias\AppData\Roaming\MiKTeX\2.9\tex\generic\pgf\systemlayer\pgfsy
ssoftpath.code.tex
File: pgfsyssoftpath.code.tex 2013/09/09  (rcs-revision 1.9)
\pgfsyssoftpath@smallbuffer@items=\count333
\pgfsyssoftpath@bigbuffer@items=\count334
)
(C:\Users\Matthias\AppData\Roaming\MiKTeX\2.9\tex\generic\pgf\systemlayer\pgfsy
sprotocol.code.tex
File: pgfsysprotocol.code.tex 2006/10/16  (rcs-revision 1.4)
))
(C:\Users\Matthias\AppData\Roaming\MiKTeX\2.9\tex\generic\pgf\basiclayer\pgfcor
e.code.tex
Package: pgfcore 2010/04/11 v3.0.1a (rcs-revision 1.7)

(C:\Users\Matthias\AppData\Roaming\MiKTeX\2.9\tex\generic\pgf\math\pgfmath.code
.tex
(C:\Users\Matthias\AppData\Roaming\MiKTeX\2.9\tex\generic\pgf\math\pgfmathcalc.
code.tex
(C:\Users\Matthias\AppData\Roaming\MiKTeX\2.9\tex\generic\pgf\math\pgfmathutil.
code.tex)
(C:\Users\Matthias\AppData\Roaming\MiKTeX\2.9\tex\generic\pgf\math\pgfmathparse
r.code.tex
\pgfmath@dimen=\dimen263
\pgfmath@count=\count335
\pgfmath@box=\box60
\pgfmath@toks=\toks62
\pgfmath@stack@operand=\toks63
\pgfmath@stack@operation=\toks64
)
(C:\Users\Matthias\AppData\Roaming\MiKTeX\2.9\tex\generic\pgf\math\pgfmathfunct
ions.code.tex
(C:\Users\Matthias\AppData\Roaming\MiKTeX\2.9\tex\generic\pgf\math\pgfmathfunct
ions.basic.code.tex)
(C:\Users\Matthias\AppData\Roaming\MiKTeX\2.9\tex\generic\pgf\math\pgfmathfunct
ions.trigonometric.code.tex)
(C:\Users\Matthias\AppData\Roaming\MiKTeX\2.9\tex\generic\pgf\math\pgfmathfunct
ions.random.code.tex)
(C:\Users\Matthias\AppData\Roaming\MiKTeX\2.9\tex\generic\pgf\math\pgfmathfunct
ions.comparison.code.tex)
(C:\Users\Matthias\AppData\Roaming\MiKTeX\2.9\tex\generic\pgf\math\pgfmathfunct
ions.base.code.tex)
(C:\Users\Matthias\AppData\Roaming\MiKTeX\2.9\tex\generic\pgf\math\pgfmathfunct
ions.round.code.tex)
(C:\Users\Matthias\AppData\Roaming\MiKTeX\2.9\tex\generic\pgf\math\pgfmathfunct
ions.misc.code.tex)
(C:\Users\Matthias\AppData\Roaming\MiKTeX\2.9\tex\generic\pgf\math\pgfmathfunct
ions.integerarithmetics.code.tex)))
(C:\Users\Matthias\AppData\Roaming\MiKTeX\2.9\tex\generic\pgf\math\pgfmathfloat
.code.tex
\c@pgfmathroundto@lastzeros=\count336
))
(C:\Users\Matthias\AppData\Roaming\MiKTeX\2.9\tex\generic\pgf\basiclayer\pgfcor
epoints.code.tex
File: pgfcorepoints.code.tex 2013/10/07  (rcs-revision 1.27)
\pgf@picminx=\dimen264
\pgf@picmaxx=\dimen265
\pgf@picminy=\dimen266
\pgf@picmaxy=\dimen267
\pgf@pathminx=\dimen268
\pgf@pathmaxx=\dimen269
\pgf@pathminy=\dimen270
\pgf@pathmaxy=\dimen271
\pgf@xx=\dimen272
\pgf@xy=\dimen273
\pgf@yx=\dimen274
\pgf@yy=\dimen275
\pgf@zx=\dimen276
\pgf@zy=\dimen277
)
(C:\Users\Matthias\AppData\Roaming\MiKTeX\2.9\tex\generic\pgf\basiclayer\pgfcor
epathconstruct.code.tex
File: pgfcorepathconstruct.code.tex 2013/10/07  (rcs-revision 1.29)
\pgf@path@lastx=\dimen278
\pgf@path@lasty=\dimen279
)
(C:\Users\Matthias\AppData\Roaming\MiKTeX\2.9\tex\generic\pgf\basiclayer\pgfcor
epathusage.code.tex
File: pgfcorepathusage.code.tex 2014/11/02  (rcs-revision 1.24)
\pgf@shorten@end@additional=\dimen280
\pgf@shorten@start@additional=\dimen281
)
(C:\Users\Matthias\AppData\Roaming\MiKTeX\2.9\tex\generic\pgf\basiclayer\pgfcor
escopes.code.tex
File: pgfcorescopes.code.tex 2015/05/08  (rcs-revision 1.46)
\pgfpic=\box61
\pgf@hbox=\box62
\pgf@layerbox@main=\box63
\pgf@picture@serial@count=\count337
)
(C:\Users\Matthias\AppData\Roaming\MiKTeX\2.9\tex\generic\pgf\basiclayer\pgfcor
egraphicstate.code.tex
File: pgfcoregraphicstate.code.tex 2014/11/02  (rcs-revision 1.12)
\pgflinewidth=\dimen282
)
(C:\Users\Matthias\AppData\Roaming\MiKTeX\2.9\tex\generic\pgf\basiclayer\pgfcor
etransformations.code.tex
File: pgfcoretransformations.code.tex 2015/08/07  (rcs-revision 1.20)
\pgf@pt@x=\dimen283
\pgf@pt@y=\dimen284
\pgf@pt@temp=\dimen285
)
(C:\Users\Matthias\AppData\Roaming\MiKTeX\2.9\tex\generic\pgf\basiclayer\pgfcor
equick.code.tex
File: pgfcorequick.code.tex 2008/10/09  (rcs-revision 1.3)
)
(C:\Users\Matthias\AppData\Roaming\MiKTeX\2.9\tex\generic\pgf\basiclayer\pgfcor
eobjects.code.tex
File: pgfcoreobjects.code.tex 2006/10/11  (rcs-revision 1.2)
)
(C:\Users\Matthias\AppData\Roaming\MiKTeX\2.9\tex\generic\pgf\basiclayer\pgfcor
epathprocessing.code.tex
File: pgfcorepathprocessing.code.tex 2013/09/09  (rcs-revision 1.9)
)
(C:\Users\Matthias\AppData\Roaming\MiKTeX\2.9\tex\generic\pgf\basiclayer\pgfcor
earrows.code.tex
File: pgfcorearrows.code.tex 2015/05/14  (rcs-revision 1.43)
\pgfarrowsep=\dimen286
)
(C:\Users\Matthias\AppData\Roaming\MiKTeX\2.9\tex\generic\pgf\basiclayer\pgfcor
eshade.code.tex
File: pgfcoreshade.code.tex 2013/07/15  (rcs-revision 1.15)
\pgf@max=\dimen287
\pgf@sys@shading@range@num=\count338
)
(C:\Users\Matthias\AppData\Roaming\MiKTeX\2.9\tex\generic\pgf\basiclayer\pgfcor
eimage.code.tex
File: pgfcoreimage.code.tex 2013/07/15  (rcs-revision 1.18)

(C:\Users\Matthias\AppData\Roaming\MiKTeX\2.9\tex\generic\pgf\basiclayer\pgfcor
eexternal.code.tex
File: pgfcoreexternal.code.tex 2014/07/09  (rcs-revision 1.21)
\pgfexternal@startupbox=\box64
))
(C:\Users\Matthias\AppData\Roaming\MiKTeX\2.9\tex\generic\pgf\basiclayer\pgfcor
elayers.code.tex
File: pgfcorelayers.code.tex 2013/07/18  (rcs-revision 1.7)
)
(C:\Users\Matthias\AppData\Roaming\MiKTeX\2.9\tex\generic\pgf\basiclayer\pgfcor
etransparency.code.tex
File: pgfcoretransparency.code.tex 2013/09/30  (rcs-revision 1.5)
)
(C:\Users\Matthias\AppData\Roaming\MiKTeX\2.9\tex\generic\pgf\basiclayer\pgfcor
epatterns.code.tex
File: pgfcorepatterns.code.tex 2013/11/07  (rcs-revision 1.5)
)))
(C:\Users\Matthias\AppData\Roaming\MiKTeX\2.9\tex\generic\pgf\modules\pgfmodule
shapes.code.tex
File: pgfmoduleshapes.code.tex 2014/03/21  (rcs-revision 1.35)
\pgfnodeparttextbox=\box65
)
(C:\Users\Matthias\AppData\Roaming\MiKTeX\2.9\tex\generic\pgf\modules\pgfmodule
plot.code.tex
File: pgfmoduleplot.code.tex 2015/08/03  (rcs-revision 1.13)
)
(C:\Users\Matthias\AppData\Roaming\MiKTeX\2.9\tex\latex\pgf\compatibility\pgfco
mp-version-0-65.sty
Package: pgfcomp-version-0-65 2007/07/03 v3.0.1a (rcs-revision 1.7)
\pgf@nodesepstart=\dimen288
\pgf@nodesepend=\dimen289
)
(C:\Users\Matthias\AppData\Roaming\MiKTeX\2.9\tex\latex\pgf\compatibility\pgfco
mp-version-1-18.sty
Package: pgfcomp-version-1-18 2007/07/23 v3.0.1a (rcs-revision 1.1)
))
(C:\Users\Matthias\AppData\Roaming\MiKTeX\2.9\tex\latex\pgf\utilities\pgffor.st
y
(C:\Users\Matthias\AppData\Roaming\MiKTeX\2.9\tex\latex\pgf\utilities\pgfkeys.s
ty
(C:\Users\Matthias\AppData\Roaming\MiKTeX\2.9\tex\generic\pgf\utilities\pgfkeys
.code.tex))
(C:\Users\Matthias\AppData\Roaming\MiKTeX\2.9\tex\latex\pgf\math\pgfmath.sty
(C:\Users\Matthias\AppData\Roaming\MiKTeX\2.9\tex\generic\pgf\math\pgfmath.code
.tex))
(C:\Users\Matthias\AppData\Roaming\MiKTeX\2.9\tex\generic\pgf\utilities\pgffor.
code.tex
Package: pgffor 2013/12/13 v3.0.1a (rcs-revision 1.25)

(C:\Users\Matthias\AppData\Roaming\MiKTeX\2.9\tex\generic\pgf\math\pgfmath.code
.tex)
\pgffor@iter=\dimen290
\pgffor@skip=\dimen291
\pgffor@stack=\toks65
\pgffor@toks=\toks66
))
(C:\Users\Matthias\AppData\Roaming\MiKTeX\2.9\tex\generic\pgf\frontendlayer\tik
z\tikz.code.tex
Package: tikz 2015/08/07 v3.0.1a (rcs-revision 1.151)

(C:\Users\Matthias\AppData\Roaming\MiKTeX\2.9\tex\generic\pgf\libraries\pgflibr
aryplothandlers.code.tex
File: pgflibraryplothandlers.code.tex 2013/08/31 v3.0.1a (rcs-revision 1.20)
\pgf@plot@mark@count=\count339
\pgfplotmarksize=\dimen292
)
\tikz@lastx=\dimen293
\tikz@lasty=\dimen294
\tikz@lastxsaved=\dimen295
\tikz@lastysaved=\dimen296
\tikzleveldistance=\dimen297
\tikzsiblingdistance=\dimen298
\tikz@figbox=\box66
\tikz@figbox@bg=\box67
\tikz@tempbox=\box68
\tikz@tempbox@bg=\box69
\tikztreelevel=\count340
\tikznumberofchildren=\count341
\tikznumberofcurrentchild=\count342
\tikz@fig@count=\count343

(C:\Users\Matthias\AppData\Roaming\MiKTeX\2.9\tex\generic\pgf\modules\pgfmodule
matrix.code.tex
File: pgfmodulematrix.code.tex 2013/09/17  (rcs-revision 1.8)
\pgfmatrixcurrentrow=\count344
\pgfmatrixcurrentcolumn=\count345
\pgf@matrix@numberofcolumns=\count346
)
\tikz@expandcount=\count347

(C:\Users\Matthias\AppData\Roaming\MiKTeX\2.9\tex\generic\pgf\frontendlayer\tik
z\libraries\tikzlibrarytopaths.code.tex
File: tikzlibrarytopaths.code.tex 2008/06/17 v3.0.1a (rcs-revision 1.2)
)))
(C:\Users\Matthias\AppData\Roaming\MiKTeX\2.9\tex\latex\tkz-euclide\tkz-euclide
.sty
Package: tkz-euclide 2011/06/01 1.16 c for plots 2d 

(C:\Users\Matthias\AppData\Roaming\MiKTeX\2.9\tex\latex\tkz-base\tkz-base.sty
Package: tkz-base 2011/06/01 1.16 c tkz-base

("D:\Weitere Programme\Miktex\tex\latex\etex-pkg\etex.sty"
Package: etex 2016/08/01 v2.7 eTeX basic definition package (PEB,DPC)


Package etex Warning: Extended allocation already in use.
(etex)                etex.sty code will not be used.
(etex)                To force etex package to load, add
(etex)                \RequirePackage{etex}
(etex)                at the start of the document.

)
(C:\Users\Matthias\AppData\Roaming\MiKTeX\2.9\tex\generic\pgf\frontendlayer\tik
z\libraries\tikzlibrarycalc.code.tex
File: tikzlibrarycalc.code.tex 2013/07/15 v3.0.1a (rcs-revision 1.9)
)
(C:\Users\Matthias\AppData\Roaming\MiKTeX\2.9\tex\generic\pgf\frontendlayer\tik
z\libraries\tikzlibraryarrows.code.tex
File: tikzlibraryarrows.code.tex 2008/01/09 v3.0.1a (rcs-revision 1.1)

(C:\Users\Matthias\AppData\Roaming\MiKTeX\2.9\tex\generic\pgf\libraries\pgflibr
aryarrows.code.tex
File: pgflibraryarrows.code.tex 2013/09/23 v3.0.1a (rcs-revision 1.16)
\arrowsize=\dimen299
))
(C:\Users\Matthias\AppData\Roaming\MiKTeX\2.9\tex\generic\pgf\frontendlayer\tik
z\libraries\tikzlibraryplotmarks.code.tex
File: tikzlibraryplotmarks.code.tex 2008/01/09 v3.0.1a (rcs-revision 1.1)

(C:\Users\Matthias\AppData\Roaming\MiKTeX\2.9\tex\generic\pgf\libraries\pgflibr
aryplotmarks.code.tex
File: pgflibraryplotmarks.code.tex 2015/08/03 v3.0.1a (rcs-revision 1.14)
))
(C:\Users\Matthias\AppData\Roaming\MiKTeX\2.9\tex\generic\pgf\frontendlayer\tik
z\libraries\tikzlibrarypositioning.code.tex
File: tikzlibrarypositioning.code.tex 2008/10/06 v3.0.1a (rcs-revision 1.7)
)
(C:\Users\Matthias\AppData\Roaming\MiKTeX\2.9\tex\generic\pgf\frontendlayer\tik
z\libraries\tikzlibraryshapes.misc.code.tex
File: tikzlibraryshapes.misc.code.tex 2008/01/09 v3.0.1a (rcs-revision 1.1)

(C:\Users\Matthias\AppData\Roaming\MiKTeX\2.9\tex\generic\pgf\libraries\shapes\
pgflibraryshapes.misc.code.tex
File: pgflibraryshapes.misc.code.tex 2013/07/18 v3.0.1a (rcs-revision 1.5)
))
(C:\Users\Matthias\AppData\Roaming\MiKTeX\2.9\tex\generic\pgf\frontendlayer\tik
z\libraries\tikzlibrarydecorations.code.tex
(C:\Users\Matthias\AppData\Roaming\MiKTeX\2.9\tex\generic\pgf\modules\pgfmodule
decorations.code.tex
\pgfdecoratedcompleteddistance=\dimen300
\pgfdecoratedremainingdistance=\dimen301
\pgfdecoratedinputsegmentcompleteddistance=\dimen302
\pgfdecoratedinputsegmentremainingdistance=\dimen303
\pgf@decorate@distancetomove=\dimen304
\pgf@decorate@repeatstate=\count348
\pgfdecorationsegmentamplitude=\dimen305
\pgfdecorationsegmentlength=\dimen306
)
\tikz@lib@dec@box=\box70
)
(C:\Users\Matthias\AppData\Roaming\MiKTeX\2.9\tex\generic\pgf\frontendlayer\tik
z\libraries\tikzlibrarydecorations.markings.code.tex
(C:\Users\Matthias\AppData\Roaming\MiKTeX\2.9\tex\generic\pgf\libraries\decorat
ions\pgflibrarydecorations.markings.code.tex))
(C:\Users\Matthias\AppData\Roaming\MiKTeX\2.9\tex\generic\pgf\frontendlayer\tik
z\libraries\tikzlibrarydecorations.pathreplacing.code.tex
(C:\Users\Matthias\AppData\Roaming\MiKTeX\2.9\tex\generic\pgf\libraries\decorat
ions\pgflibrarydecorations.pathreplacing.code.tex))
(C:\Users\Matthias\AppData\Roaming\MiKTeX\2.9\tex\generic\pgf\frontendlayer\tik
z\libraries\tikzlibrarypatterns.code.tex
File: tikzlibrarypatterns.code.tex 2008/01/15 v3.0.1a (rcs-revision 1.2)

(C:\Users\Matthias\AppData\Roaming\MiKTeX\2.9\tex\generic\pgf\libraries\pgflibr
arypatterns.code.tex
File: pgflibrarypatterns.code.tex 2008/03/03 v3.0.1a (rcs-revision 1.13)
))
(C:\Users\Matthias\AppData\Roaming\MiKTeX\2.9\tex\latex\numprint\numprint.sty
Package: numprint 2012/08/20 v1.39 Print numbers (HH)
\c@nprt@mantissa@digitsbefore=\count349
\c@nprt@mantissa@digitsafter=\count350
\c@nprt@exponent@digitsbefore=\count351
\c@nprt@exponent@digitsafter=\count352
\nprt@digitwidth=\skip89
\nprt@sepwidth=\skip90
\nprt@decimalwidth=\skip91
\nprt@blockwidth=\skip92
\nprt@digittoks=\toks67
\nprt@pretoks=\toks68
\nprt@posttoks=\toks69
\nprt@thisdigit=\count353
\nprt@curpos=\count354
\nprt@rndpos=\count355
\c@nprt@digitsfirstblock=\count356
\c@nprt@blockcnt=\count357
\c@nprt@cntprint=\count358

No configuration file `numprint.cfg' found.)
(C:\Users\Matthias\AppData\Roaming\MiKTeX\2.9\tex\latex\fp\fp.sty
Package: fp 1995/04/02

`Fixed Point Package', Version 0.8, April 2, 1995 (C) Michael Mehlich
(C:\Users\Matthias\AppData\Roaming\MiKTeX\2.9\tex\latex\fp\defpattern.sty
Package: defpattern 1994/10/12
\actioncount=\count359
)
(C:\Users\Matthias\AppData\Roaming\MiKTeX\2.9\tex\latex\fp\fp-basic.sty
Package: fp-basic 1996/05/13
\FP@xs=\count360
\FP@xia=\count361
\FP@xib=\count362
\FP@xfa=\count363
\FP@xfb=\count364
\FP@rega=\count365
\FP@regb=\count366
\FP@regs=\count367
\FP@times=\count368
)
(C:\Users\Matthias\AppData\Roaming\MiKTeX\2.9\tex\latex\fp\fp-addons.sty
Package: fp-addons 1995/03/15
)
(C:\Users\Matthias\AppData\Roaming\MiKTeX\2.9\tex\latex\fp\fp-snap.sty
Package: fp-snap 1995/04/05
)
(C:\Users\Matthias\AppData\Roaming\MiKTeX\2.9\tex\latex\fp\fp-exp.sty
Package: fp-exp 1995/04/03
)
(C:\Users\Matthias\AppData\Roaming\MiKTeX\2.9\tex\latex\fp\fp-trigo.sty
Package: fp-trigo 1995/04/14
)
(C:\Users\Matthias\AppData\Roaming\MiKTeX\2.9\tex\latex\fp\fp-pas.sty
Package: fp-pas 1994/08/29
)
(C:\Users\Matthias\AppData\Roaming\MiKTeX\2.9\tex\latex\fp\fp-random.sty
Package: fp-random 1995/02/23
\FPseed=\count369
)
(C:\Users\Matthias\AppData\Roaming\MiKTeX\2.9\tex\latex\fp\fp-eqn.sty
Package: fp-eqn 1995/04/03
)
(C:\Users\Matthias\AppData\Roaming\MiKTeX\2.9\tex\latex\fp\fp-upn.sty
Package: fp-upn 1996/10/21
)
(C:\Users\Matthias\AppData\Roaming\MiKTeX\2.9\tex\latex\fp\fp-eval.sty
Package: fp-eval 1995/04/03
))
\tkzRadius=\dimen307
\tkzLength=\dimen308
\tkz@radi=\dimen309
\tkz@ax=\dimen310
\tkz@ay=\dimen311
\tkz@bx=\dimen312
\tkz@by=\dimen313
\tkz@cx=\dimen314
\tkz@cy=\dimen315
\tkz@dx=\dimen316
\tkz@dy=\dimen317

(C:\Users\Matthias\AppData\Roaming\MiKTeX\2.9\tex\latex\tkz-base\tkz-tools-util
ities.tex)
(C:\Users\Matthias\AppData\Roaming\MiKTeX\2.9\tex\latex\tkz-base\tkz-tools-arit
h.tex
File: tkz-tool-arith.tex tkz-tool-arith 1.161 c
)
(C:\Users\Matthias\AppData\Roaming\MiKTeX\2.9\tex\latex\tkz-base\tkz-tools-base
.tex)
(C:\Users\Matthias\AppData\Roaming\MiKTeX\2.9\tex\latex\tkz-base\tkz-tools-misc
.tex)
(C:\Users\Matthias\AppData\Roaming\MiKTeX\2.9\tex\latex\tkz-base\tkz-tools-math
.tex)
(C:\Users\Matthias\AppData\Roaming\MiKTeX\2.9\tex\latex\tkz-base\tkz-obj-points
.tex)
(C:\Users\Matthias\AppData\Roaming\MiKTeX\2.9\tex\latex\tkz-base\tkz-obj-segmen
ts.tex)
(C:\Users\Matthias\AppData\Roaming\MiKTeX\2.9\tex\latex\tkz-base\tkz-obj-marks.
tex
\tkz@cntmk=\count370
))
(C:\Users\Matthias\AppData\Roaming\MiKTeX\2.9\tex\latex\tkz-euclide\tkz-tools-i
ntersections.tex)
(C:\Users\Matthias\AppData\Roaming\MiKTeX\2.9\tex\latex\tkz-euclide\tkz-tools-t
ransformations.tex)
(C:\Users\Matthias\AppData\Roaming\MiKTeX\2.9\tex\latex\tkz-euclide\tkz-obj-lin
es.tex)
(C:\Users\Matthias\AppData\Roaming\MiKTeX\2.9\tex\latex\tkz-euclide\tkz-lib-sym
bols.tex)
(C:\Users\Matthias\AppData\Roaming\MiKTeX\2.9\tex\latex\tkz-euclide\tkz-obj-cir
cles.tex)
(C:\Users\Matthias\AppData\Roaming\MiKTeX\2.9\tex\latex\tkz-euclide\tkz-obj-add
points.tex))
(C:\Users\Matthias\AppData\Roaming\MiKTeX\2.9\tex\generic\pgf\frontendlayer\tik
z\libraries\tikzlibrarythrough.code.tex
File: tikzlibrarythrough.code.tex 2008/02/03 v3.0.1a (rcs-revision 1.1)
)
(C:\Users\Matthias\AppData\Roaming\MiKTeX\2.9\tex\generic\pgf\frontendlayer\tik
z\libraries\tikzlibraryintersections.code.tex
(C:\Users\Matthias\AppData\Roaming\MiKTeX\2.9\tex\generic\pgf\libraries\pgflibr
aryintersections.code.tex
(C:\Users\Matthias\AppData\Roaming\MiKTeX\2.9\tex\generic\pgf\libraries\pgflibr
aryfpu.code.tex)
\pgf@intersect@solutions=\count371
))

LaTeX Warning: Unused global option(s):
    [open=right].

(Exercise_2.aux)
\openout1 = `Exercise_2.aux'.

LaTeX Font Info:    Checking defaults for OML/cmm/m/it on input line 142.
LaTeX Font Info:    ... okay on input line 142.
LaTeX Font Info:    Checking defaults for T1/cmr/m/n on input line 142.
LaTeX Font Info:    ... okay on input line 142.
LaTeX Font Info:    Checking defaults for OT1/cmr/m/n on input line 142.
LaTeX Font Info:    ... okay on input line 142.
LaTeX Font Info:    Checking defaults for OMS/cmsy/m/n on input line 142.
LaTeX Font Info:    ... okay on input line 142.
LaTeX Font Info:    Checking defaults for OMX/cmex/m/n on input line 142.
LaTeX Font Info:    ... okay on input line 142.
LaTeX Font Info:    Checking defaults for U/cmr/m/n on input line 142.
LaTeX Font Info:    ... okay on input line 142.
LaTeX Font Info:    Checking defaults for PD1/pdf/m/n on input line 142.
LaTeX Font Info:    ... okay on input line 142.
LaTeX Font Info:    Try loading font information for T1+lmr on input line 142.
 ("D:\Weitere Programme\Miktex\tex\latex\lm\t1lmr.fd"
File: t1lmr.fd 2009/10/30 v1.6 Font defs for Latin Modern
)
Package caption Info: Begin \AtBeginDocument code.
Package caption Info: float package is loaded.
Package caption Info: hyperref package is loaded.
Package caption Info: listings package is loaded.
Package caption Info: End \AtBeginDocument code.
\c@lstlisting=\count372

(C:\Users\Matthias\AppData\Roaming\MiKTeX\2.9\tex\context\base\supp-pdf.mkii
[Loading MPS to PDF converter (version 2006.09.02).]
\scratchcounter=\count373
\scratchdimen=\dimen318
\scratchbox=\box71
\nofMPsegments=\count374
\nofMParguments=\count375
\everyMPshowfont=\toks70
\MPscratchCnt=\count376
\MPscratchDim=\dimen319
\MPnumerator=\count377
\makeMPintoPDFobject=\count378
\everyMPtoPDFconversion=\toks71
) ("D:\Weitere Programme\Miktex\tex\latex\oberdiek\epstopdf-base.sty"
Package: epstopdf-base 2016/05/15 v2.6 Base part for package epstopdf

("D:\Weitere Programme\Miktex\tex\latex\oberdiek\grfext.sty"
Package: grfext 2016/05/16 v1.2 Manage graphics extensions (HO)
)
Package epstopdf-base Info: Redefining graphics rule for `.eps' on input line 4
38.
Package grfext Info: Graphics extension search list:
(grfext)             [.pdf,.png,.jpg,.mps,.jpeg,.jbig2,.jb2,.PDF,.PNG,.JPG,.JPE
G,.JBIG2,.JB2,.eps]
(grfext)             \AppendGraphicsExtensions on input line 456.
)
*geometry* driver: auto-detecting
*geometry* detected driver: pdftex
*geometry* verbose mode - [ preamble ] result:
* driver: pdftex
* paper: <default>
* layout: <same size as paper>
* layoutoffset:(h,v)=(0.0pt,0.0pt)
* modes: 
* h-part:(L,W,R)=(51.21495pt, 495.07803pt, 51.21495pt)
* v-part:(T,H,B)=(42.67912pt, 759.68869pt, 42.67912pt)
* \paperwidth=597.50793pt
* \paperheight=845.04694pt
* \textwidth=495.07803pt
* \textheight=759.68869pt
* \oddsidemargin=-21.05504pt
* \evensidemargin=-21.05504pt
* \topmargin=-69.46587pt
* \headheight=18.125pt
* \headsep=21.75pt
* \topskip=12.0pt
* \footskip=22.0pt
* \marginparwidth=37.34424pt
* \marginparsep=12.8401pt
* \columnsep=10.0pt
* \skip\footins=10.8pt plus 4.0pt minus 2.0pt
* \hoffset=0.0pt
* \voffset=0.0pt
* \mag=1000
* \@twocolumnfalse
* \@twosidefalse
* \@mparswitchfalse
* \@reversemarginfalse
* (1in=72.27pt=25.4mm, 1cm=28.453pt)

\AtBeginShipoutBox=\box72
Package hyperref Info: Link coloring OFF on input line 142.
("D:\Weitere Programme\Miktex\tex\latex\hyperref\nameref.sty"
Package: nameref 2016/05/21 v2.44 Cross-referencing by name of section

("D:\Weitere Programme\Miktex\tex\generic\oberdiek\gettitlestring.sty"
Package: gettitlestring 2016/05/16 v1.5 Cleanup title references (HO)
)
\c@section@level=\count379
)
LaTeX Info: Redefining \ref on input line 142.
LaTeX Info: Redefining \pageref on input line 142.
LaTeX Info: Redefining \nameref on input line 142.

(Exercise_2.out) (Exercise_2.out)
\@outlinefile=\write5
\openout5 = `Exercise_2.out'.

 ABD: EveryShipout initializing macros
LaTeX Font Info:    Try loading font information for T1+lmss on input line 153.


("D:\Weitere Programme\Miktex\tex\latex\lm\t1lmss.fd"
File: t1lmss.fd 2009/10/30 v1.6 Font defs for Latin Modern
)
LaTeX Font Info:    Try loading font information for OT1+lmr on input line 153.


("D:\Weitere Programme\Miktex\tex\latex\lm\ot1lmr.fd"
File: ot1lmr.fd 2009/10/30 v1.6 Font defs for Latin Modern
)
LaTeX Font Info:    Try loading font information for OML+lmm on input line 153.


("D:\Weitere Programme\Miktex\tex\latex\lm\omllmm.fd"
File: omllmm.fd 2009/10/30 v1.6 Font defs for Latin Modern
)
LaTeX Font Info:    Try loading font information for OMS+lmsy on input line 153
.

("D:\Weitere Programme\Miktex\tex\latex\lm\omslmsy.fd"
File: omslmsy.fd 2009/10/30 v1.6 Font defs for Latin Modern
)
LaTeX Font Info:    Try loading font information for OMX+lmex on input line 153
.

("D:\Weitere Programme\Miktex\tex\latex\lm\omxlmex.fd"
File: omxlmex.fd 2009/10/30 v1.6 Font defs for Latin Modern
)
LaTeX Font Info:    External font `lmex10' loaded for size
(Font)              <17.28> on input line 153.
LaTeX Font Info:    External font `lmex10' loaded for size
(Font)              <12> on input line 153.
LaTeX Font Info:    External font `lmex10' loaded for size
(Font)              <10> on input line 153.
LaTeX Font Info:    Try loading font information for U+stmry on input line 153.


(C:\Users\Matthias\AppData\Roaming\MiKTeX\2.9\tex\latex\stmaryrd\ustmry.fd)
LaTeX Font Info:    Try loading font information for U+esvect on input line 153
.

(C:\Users\Matthias\AppData\Roaming\MiKTeX\2.9\tex\latex\esvect\uesvect.fd
File: uesvect.fd 
)
LaTeX Font Info:    Try loading font information for U+rsfs on input line 153.

("D:\Weitere Programme\Miktex\tex\latex\jknappen\ursfs.fd"
File: ursfs.fd 1998/03/24 rsfs font definition file (jk)
)
LaTeX Font Info:    Try loading font information for U+msa on input line 153.

("D:\Weitere Programme\Miktex\tex\latex\amsfonts\umsa.fd"
File: umsa.fd 2013/01/14 v3.01 AMS symbols A
)
LaTeX Font Info:    Try loading font information for U+msb on input line 153.

("D:\Weitere Programme\Miktex\tex\latex\amsfonts\umsb.fd"
File: umsb.fd 2013/01/14 v3.01 AMS symbols B
) [1



{C:/Users/Matthias/AppData/Local/MiKTeX/2.9/pdftex/config/pdftex.map}]
LaTeX Font Info:    External font `lmex10' loaded for size
(Font)              <8> on input line 162.
LaTeX Font Info:    External font `lmex10' loaded for size
(Font)              <6> on input line 162.

Underfull \hbox (badness 10000) in paragraph at lines 201--202

 []

[2]
Underfull \hbox (badness 10000) in paragraph at lines 248--249

 []

[3]
Underfull \hbox (badness 10000) in paragraph at lines 269--270

 []

[4] [5]
\tf@thm=\write6
\openout6 = `Exercise_2.thm'.

Package atveryend Info: Empty hook `BeforeClearDocument' on input line 278.
Package atveryend Info: Empty hook `AfterLastShipout' on input line 278.
 (Exercise_2.aux)
Package atveryend Info: Executing hook `AtVeryEndDocument' on input line 278.
Package atveryend Info: Executing hook `AtEndAfterFileList' on input line 278.
Package rerunfilecheck Info: File `Exercise_2.out' has not changed.
(rerunfilecheck)             Checksum: D41D8CD98F00B204E9800998ECF8427E;0.
Package atveryend Info: Empty hook `AtVeryVeryEnd' on input line 278.
 ) 
Here is how much of TeX's memory you used:
 37348 strings out of 492972
 716392 string characters out of 3135875
 910344 words of memory out of 3000000
 40513 multiletter control sequences out of 15000+200000
 582659 words of font info for 76 fonts, out of 3000000 for 9000
 1141 hyphenation exceptions out of 8191
 64i,7n,75p,10416b,382s stack positions out of 5000i,500n,10000p,200000b,50000s
{D:/Weitere Programme/Miktex/fonts/enc/dvips/lm/lm-rm.enc}{D:/Weitere Program
me/Miktex/fonts/enc/dvips/lm/lm-ec.enc}{D:/Weitere Programme/Miktex/fonts/enc/d
vips/lm/lm-mathit.enc}{D:/Weitere Programme/Miktex/fonts/enc/dvips/lm/lm-mathsy
.enc}<D:/Weitere Programme/Miktex/fonts/type1/public/lm/lmcsc10.pfb><D:/Weitere
 Programme/Miktex/fonts/type1/public/lm/lmmi12.pfb><D:/Weitere Programme/Miktex
/fonts/type1/public/lm/lmmi8.pfb><D:/Weitere Programme/Miktex/fonts/type1/publi
c/lm/lmr12.pfb><D:/Weitere Programme/Miktex/fonts/type1/public/lm/lmr17.pfb><D:
/Weitere Programme/Miktex/fonts/type1/public/lm/lmr6.pfb><D:/Weitere Programme/
Miktex/fonts/type1/public/lm/lmr8.pfb><D:/Weitere Programme/Miktex/fonts/type1/
public/lm/lmssbx10.pfb><D:/Weitere Programme/Miktex/fonts/type1/public/lm/lmsy1
0.pfb><D:/Weitere Programme/Miktex/fonts/type1/public/lm/lmsy8.pfb>
Output written on Exercise_2.pdf (5 pages, 169752 bytes).
PDF statistics:
 83 PDF objects out of 1000 (max. 8388607)
 9 named destinations out of 1000 (max. 500000)
 13 words of extra memory for PDF output out of 10000 (max. 10000000)

